<?xml version="1.0" encoding="UTF-8"?>
<testng-results ignored="0" total="1" passed="1" failed="0" skipped="0">
  <reporter-output>
  </reporter-output>
  <suite started-at="2020-03-30T11:39:05 IST" name="Default suite" finished-at="2020-03-30T11:39:05 IST" duration-ms="63">
    <groups>
    </groups>
    <test started-at="2020-03-30T11:39:05 IST" name="Default test" finished-at="2020-03-30T11:39:05 IST" duration-ms="63">
      <class name="Demo.ZInterview.AppTest">
        <test-method signature="shouldAnswerWithTrue()[pri:0, instance:Demo.ZInterview.AppTest@4b44655e]" started-at="2020-03-30T11:39:05 IST" name="shouldAnswerWithTrue" finished-at="2020-03-30T11:39:05 IST" duration-ms="0" status="PASS">
          <reporter-output>
          </reporter-output>
        </test-method> <!-- shouldAnswerWithTrue -->
      </class> <!-- Demo.ZInterview.AppTest -->
    </test> <!-- Default test -->
  </suite> <!-- Default suite -->
</testng-results>
